--------------------------
2016-04-13 00:22:43.362 获取code码: 0015cc0d6e0a8cd0ab7e1915b5c12e3j : 
--------------------------
--------------------------
2016-04-13 00:22:43.754 网页授权返回参数 : {"errcode":40029,"errmsg":"invalid code, hints: [ req_id: nxC_wa0163ns45 ]"} : 
--------------------------
--------------------------
2016-04-13 00:22:43.808 网页授权错误：System.Collections.Generic.KeyNotFoundException: 给定关键字不在字典中。
   在 System.Collections.Generic.Dictionary`2.get_Item(TKey key)
   在 FlowRecharge.Wechat.JsApiPay.GetOpenidAndAccessTokenFromCode(String code) 位置 d:\工作目录\工程\傅家坡\傅家坡\fjp\app_code\business\JsApiPay.cs:行号 128 : 
--------------------------
--------------------------
2016-04-13 00:26:01.132 微信授权页面: https://open.weixin.qq.com/connect/oauth2/authorize?appid=wx31d9730db32eab25&redirect_uri=http%3a%2f%2fddddme.vicp.cc%2fexample%2findex.aspx&response_type=code&scope=snsapi_base&state=STATE#wechat_redirect : 
--------------------------
--------------------------
2016-04-13 00:26:01.141 正在中止线程。 : 
--------------------------
--------------------------
2016-04-13 00:26:05.260 获取code码: 001f549b5652d9ac90388deac05a56ek : 
--------------------------
--------------------------
2016-04-13 00:26:05.457 网页授权返回参数 : {"access_token":"OezXcEiiBSKSxW0eoylIeG-Hxq1Lh4QQ8aO1dGhR8iE6lxbrW8dq9hvJE-IjwV9f-eX9NkW6kd_EyDUk5pD7idpHwmyP2eGrQsexMy0nBJOCWScRCZpAoLif27WMksyuyBjGKlpWGG1UWt8Cugla9g","expires_in":7200,"refresh_token":"OezXcEiiBSKSxW0eoylIeG-Hxq1Lh4QQ8aO1dGhR8iE6lxbrW8dq9hvJE-IjwV9fzonp4PUKiaTKrf_8_2ZkPl9FikqnikI_OW5ZveTP8c-umLwFlP9cG4HM_IWhj5nofuYByT53ugwdm9AVm2Sp4g","openid":"oH_LEs92U20dEUn4giqmaoJUjSk4","scope":"snsapi_base"} : 
--------------------------
--------------------------
2016-04-13 00:26:05.459 openid : oH_LEs92U20dEUn4giqmaoJUjSk4 : 
--------------------------
--------------------------
2016-04-13 00:26:05.460 access_token : OezXcEiiBSKSxW0eoylIeG-Hxq1Lh4QQ8aO1dGhR8iE6lxbrW8dq9hvJE-IjwV9f-eX9NkW6kd_EyDUk5pD7idpHwmyP2eGrQsexMy0nBJOCWScRCZpAoLif27WMksyuyBjGKlpWGG1UWt8Cugla9g : 
--------------------------
--------------------------
2016-04-13 00:27:17.008 微信授权页面: https://open.weixin.qq.com/connect/oauth2/authorize?appid=wx31d9730db32eab25&redirect_uri=http%3a%2f%2fddddme.vicp.cc%2fexample%2findex.aspx&response_type=code&scope=snsapi_base&state=STATE#wechat_redirect : 
--------------------------
--------------------------
2016-04-13 00:27:17.010 正在中止线程。 : 
--------------------------
--------------------------
2016-04-13 00:27:22.017 获取code码: 0410b7c57e4c9308cc5b27c1136502fS : 
--------------------------
--------------------------
2016-04-13 00:27:22.198 网页授权返回参数 : {"access_token":"OezXcEiiBSKSxW0eoylIeG-Hxq1Lh4QQ8aO1dGhR8iE6lxbrW8dq9hvJE-IjwV9f2iCZiZzXh350elzo3Rq8RjGrvY829h25TYL9tMJFm8yv8EKGRn0ag6-360v6a7k5uslqNVN3X8YfVSej1gWAfg","expires_in":7200,"refresh_token":"OezXcEiiBSKSxW0eoylIeG-Hxq1Lh4QQ8aO1dGhR8iE6lxbrW8dq9hvJE-IjwV9fKf2gcK7e7br_MGXH_MjMlZo_lbwQDgFGHscVNN5AViNPeG8TKKPqyNkd0IyaOyUOJd7Iwhj1aAurem_lUK2j9w","openid":"oH_LEs92U20dEUn4giqmaoJUjSk4","scope":"snsapi_base"} : 
--------------------------
--------------------------
2016-04-13 00:27:22.199 openid : oH_LEs92U20dEUn4giqmaoJUjSk4 : 
--------------------------
--------------------------
2016-04-13 00:27:22.199 access_token : OezXcEiiBSKSxW0eoylIeG-Hxq1Lh4QQ8aO1dGhR8iE6lxbrW8dq9hvJE-IjwV9f2iCZiZzXh350elzo3Rq8RjGrvY829h25TYL9tMJFm8yv8EKGRn0ag6-360v6a7k5uslqNVN3X8YfVSej1gWAfg : 
--------------------------
--------------------------
2016-04-13 00:28:08.797 微信授权页面: https://open.weixin.qq.com/connect/oauth2/authorize?appid=wx31d9730db32eab25&redirect_uri=http%3a%2f%2f192.168.1.4%2fexample%2findex.aspx&response_type=code&scope=snsapi_base&state=STATE#wechat_redirect : 
--------------------------
--------------------------
2016-04-13 00:28:09.313 正在中止线程。 : 
--------------------------
--------------------------
2016-04-13 01:16:18.960 微信支付发生异常:下订单出错,订单金额错误！,页面金额：0,套餐金额：0.01 : 
--------------------------
--------------------------
2016-04-13 01:16:31.343 微信支付发生异常:下订单出错,订单金额错误！,页面金额：0,套餐金额：0.01 : 
--------------------------
--------------------------
2016-04-13 01:17:11.646 微信支付发生异常:下订单出错,订单金额错误！,页面金额：0,套餐金额：0.01 : 
--------------------------
--------------------------
2016-04-13 01:17:23.631 微信支付发生异常:下订单出错,订单金额错误！,页面金额：0,套餐金额：0.01 : 
--------------------------
--------------------------
2016-04-13 01:24:44.283 微信支付发生异常:下订单出错,订单金额错误！,页面金额：0,套餐金额：0.01 : 
--------------------------
--------------------------
2016-04-13 01:25:22.215 微信支付发生异常:下订单出错,订单金额错误！,页面金额：0,套餐金额：0.01 : 
--------------------------
--------------------------
2016-04-13 01:25:45.764 微信支付发生异常:下订单出错,订单金额错误！,页面金额：0,套餐金额：0.01 : 
--------------------------
--------------------------
2016-04-13 01:26:01.974 微信支付发生异常:下订单出错,订单金额错误！,页面金额：0,套餐金额：0.01 : 
--------------------------
--------------------------
2016-04-13 01:27:41.393 微信支付发生异常:下订单出错,订单金额错误！,页面金额：0,套餐金额：0.01 : 
--------------------------
--------------------------
2016-04-13 01:28:59.481 微信支付发生异常:下订单出错,订单金额错误！,页面金额：0,套餐金额：0.01 : 
--------------------------
--------------------------
2016-04-13 13:11:22.156 微信授权页面: https://open.weixin.qq.com/connect/oauth2/authorize?appid=wx31d9730db32eab25&redirect_uri=http%3a%2f%2fddddme.vicp.cc%2fexample%2findex.aspx&response_type=code&scope=snsapi_base&state=STATE#wechat_redirect : 
--------------------------
--------------------------
2016-04-13 13:11:22.188 Thread was being aborted. : 
--------------------------
--------------------------
2016-04-13 13:11:26.739 获取code码: 00129b9e1af57d283e21f1aa1d42b1dn : 
--------------------------
--------------------------
2016-04-13 13:11:27.084 网页授权返回参数 : {"access_token":"OezXcEiiBSKSxW0eoylIeG-Hxq1Lh4QQ8aO1dGhR8iE6lxbrW8dq9hvJE-IjwV9fbkBCbvVdlGcpLLFTFnKEUrp23Cxn72ar2Nm8XpRqZ4Z4g_fwUCMP_U9nxDmiJXczU7WRXKjP0XCNa_I4koagDA","expires_in":7200,"refresh_token":"OezXcEiiBSKSxW0eoylIeG-Hxq1Lh4QQ8aO1dGhR8iE6lxbrW8dq9hvJE-IjwV9fkhD8a1qr_pgIstRz7gxid-SQSpd-KEQ2WeYt5nAwe8ah6ADZTrmjvXkU_ANBjOtmAVMrHjK8eHPHZClQOLdXoA","openid":"oH_LEs92U20dEUn4giqmaoJUjSk4","scope":"snsapi_base"} : 
--------------------------
--------------------------
2016-04-13 13:11:27.130 openid : oH_LEs92U20dEUn4giqmaoJUjSk4 : 
--------------------------
--------------------------
2016-04-13 13:11:27.131 access_token : OezXcEiiBSKSxW0eoylIeG-Hxq1Lh4QQ8aO1dGhR8iE6lxbrW8dq9hvJE-IjwV9fbkBCbvVdlGcpLLFTFnKEUrp23Cxn72ar2Nm8XpRqZ4Z4g_fwUCMP_U9nxDmiJXczU7WRXKjP0XCNa_I4koagDA : 
--------------------------
--------------------------
2016-04-13 13:12:04.557 微信授权页面: https://open.weixin.qq.com/connect/oauth2/authorize?appid=wx31d9730db32eab25&redirect_uri=http%3a%2f%2fddddme.vicp.cc%2fexample%2findex.aspx&response_type=code&scope=snsapi_base&state=STATE#wechat_redirect : 
--------------------------
--------------------------
2016-04-13 13:12:04.558 Thread was being aborted. : 
--------------------------
--------------------------
2016-04-13 13:12:08.198 获取code码: 031d89f0e93eb1e81188b6cdeda756be : 
--------------------------
--------------------------
2016-04-13 13:12:08.419 网页授权返回参数 : {"access_token":"OezXcEiiBSKSxW0eoylIeG-Hxq1Lh4QQ8aO1dGhR8iE6lxbrW8dq9hvJE-IjwV9faLAivOYZTD0glRpqLFbFTTbcrvAwcAIIAV79BZl4rpyE7lG_yXOkbAvmoUwgfIzOluzmpaRWePjE_hybBUt0KQ","expires_in":7200,"refresh_token":"OezXcEiiBSKSxW0eoylIeG-Hxq1Lh4QQ8aO1dGhR8iE6lxbrW8dq9hvJE-IjwV9fASXb6955Ul84MS2C37nK0wqrb4FWI06ZCi4gxDP2plEGtiprmUvykHSHrAVQt2_5bmvJxj4sjdkIEYimPsENtQ","openid":"oH_LEs92U20dEUn4giqmaoJUjSk4","scope":"snsapi_base"} : 
--------------------------
--------------------------
2016-04-13 13:12:08.420 openid : oH_LEs92U20dEUn4giqmaoJUjSk4 : 
--------------------------
--------------------------
2016-04-13 13:12:08.420 access_token : OezXcEiiBSKSxW0eoylIeG-Hxq1Lh4QQ8aO1dGhR8iE6lxbrW8dq9hvJE-IjwV9faLAivOYZTD0glRpqLFbFTTbcrvAwcAIIAV79BZl4rpyE7lG_yXOkbAvmoUwgfIzOluzmpaRWePjE_hybBUt0KQ : 
--------------------------
--------------------------
2016-04-13 13:23:57.731 微信授权页面: https://open.weixin.qq.com/connect/oauth2/authorize?appid=wx31d9730db32eab25&redirect_uri=http%3a%2f%2fddddme.vicp.cc%2fexample%2findex.aspx&response_type=code&scope=snsapi_base&state=STATE#wechat_redirect : 
--------------------------
--------------------------
2016-04-13 13:23:57.733 Thread was being aborted. : 
--------------------------
--------------------------
2016-04-13 13:24:02.620 获取code码: 0018057e40acbb511c0f30dc372a7f1A : 
--------------------------
--------------------------
2016-04-13 13:24:02.757 微信支付发生异常:下订单出错,订单金额错误！1,页面金额：100,套餐金额：0.01 : 
--------------------------
--------------------------
2016-04-13 13:24:02.873 网页授权返回参数 : {"access_token":"OezXcEiiBSKSxW0eoylIeG-Hxq1Lh4QQ8aO1dGhR8iE6lxbrW8dq9hvJE-IjwV9fEHW1cD3H4P-EB_w0XEwsPTZOHC3Yd5z4uwBaKj3dXwno-uMFdNrzwsKsoY1cLUtJAkjBNVTY9FIK15J1QY9XbQ","expires_in":7200,"refresh_token":"OezXcEiiBSKSxW0eoylIeG-Hxq1Lh4QQ8aO1dGhR8iE6lxbrW8dq9hvJE-IjwV9fvpACEg2Rcn6j1XrH_8nZ3j5ODah7gJgOeQvFEpFLxJ3vlkgQ2ymmhUqOziAq7TAXtp2ZcYb0_v6B7gCGo-mEEA","openid":"oH_LEs92U20dEUn4giqmaoJUjSk4","scope":"snsapi_base"} : 
--------------------------
--------------------------
2016-04-13 13:24:02.920 openid : oH_LEs92U20dEUn4giqmaoJUjSk4 : 
--------------------------
--------------------------
2016-04-13 13:24:02.921 access_token : OezXcEiiBSKSxW0eoylIeG-Hxq1Lh4QQ8aO1dGhR8iE6lxbrW8dq9hvJE-IjwV9fEHW1cD3H4P-EB_w0XEwsPTZOHC3Yd5z4uwBaKj3dXwno-uMFdNrzwsKsoY1cLUtJAkjBNVTY9FIK15J1QY9XbQ : 
--------------------------
--------------------------
2016-04-13 13:25:00.726 微信授权页面: https://open.weixin.qq.com/connect/oauth2/authorize?appid=wx31d9730db32eab25&redirect_uri=http%3a%2f%2fddddme.vicp.cc%2fexample%2findex.aspx&response_type=code&scope=snsapi_base&state=STATE#wechat_redirect : 
--------------------------
--------------------------
2016-04-13 13:25:00.728 Thread was being aborted. : 
--------------------------
--------------------------
2016-04-13 13:25:05.428 获取code码: 00172215aae453ea02ac48a50446934x : 
--------------------------
--------------------------
2016-04-13 13:25:05.633 网页授权返回参数 : {"access_token":"OezXcEiiBSKSxW0eoylIeG-Hxq1Lh4QQ8aO1dGhR8iE6lxbrW8dq9hvJE-IjwV9fyHZBjm4cXh4hvxl8aVfsYyXlGluvuvnnJdXGL_NfEDEgC2pvkuqFjZmSY6HagCyhNbuMDEbPe_-LSjQXfUm9rA","expires_in":7200,"refresh_token":"OezXcEiiBSKSxW0eoylIeG-Hxq1Lh4QQ8aO1dGhR8iE6lxbrW8dq9hvJE-IjwV9fkM8I2T9w1-KneaBjIYXoymG3gsWnLAeIkVn3FO-lCV0o5cDVLCk0yUafKzBXsROYyHwy-ztZIYx09VbF0rAUcw","openid":"oH_LEs92U20dEUn4giqmaoJUjSk4","scope":"snsapi_base"} : 
--------------------------
--------------------------
2016-04-13 13:25:05.634 openid : oH_LEs92U20dEUn4giqmaoJUjSk4 : 
--------------------------
--------------------------
2016-04-13 13:25:05.634 access_token : OezXcEiiBSKSxW0eoylIeG-Hxq1Lh4QQ8aO1dGhR8iE6lxbrW8dq9hvJE-IjwV9fyHZBjm4cXh4hvxl8aVfsYyXlGluvuvnnJdXGL_NfEDEgC2pvkuqFjZmSY6HagCyhNbuMDEbPe_-LSjQXfUm9rA : 
--------------------------
--------------------------
2016-04-13 13:25:13.009 微信支付发生异常:下订单出错,订单金额错误！1,页面金额：100,套餐金额：0.01 : 
--------------------------
--------------------------
2016-04-13 13:27:01.510 微信支付发生异常:下订单出错,订单金额错误！1,页面金额：100,套餐金额：0.01 : 
--------------------------
--------------------------
2016-04-13 13:27:42.213 微信支付发生异常:下订单出错,订单金额错误！1,页面金额：100,套餐金额：0.01 : 
--------------------------
--------------------------
2016-04-13 13:29:07.342 微信授权页面: https://open.weixin.qq.com/connect/oauth2/authorize?appid=wx31d9730db32eab25&redirect_uri=http%3a%2f%2fddddme.vicp.cc%2fexample%2findex.aspx&response_type=code&scope=snsapi_base&state=STATE#wechat_redirect : 
--------------------------
--------------------------
2016-04-13 13:29:07.343 Thread was being aborted. : 
--------------------------
--------------------------
2016-04-13 13:29:12.426 获取code码: 011f546148a60ff68a2ab4bbbbe82a8u : 
--------------------------
--------------------------
2016-04-13 13:29:12.642 网页授权返回参数 : {"access_token":"OezXcEiiBSKSxW0eoylIeG-Hxq1Lh4QQ8aO1dGhR8iE6lxbrW8dq9hvJE-IjwV9fXiiuDuaALUK3ZRd59O9xA_McjqhrPDwI-swdJNLdMnXMeTbAXL6KvHsmppJatOVmaNz0KeetCnnHP_Sx_yGomg","expires_in":7200,"refresh_token":"OezXcEiiBSKSxW0eoylIeG-Hxq1Lh4QQ8aO1dGhR8iE6lxbrW8dq9hvJE-IjwV9fNgbBY_UQkxiZmje5FyTg8IYHTXAHKl9OzWzq2lX2MJV6WQwJl8TxpeZam06fHz8W2ugJIasQJFtueaHn2rsQVw","openid":"oH_LEs92U20dEUn4giqmaoJUjSk4","scope":"snsapi_base"} : 
--------------------------
--------------------------
2016-04-13 13:29:12.643 openid : oH_LEs92U20dEUn4giqmaoJUjSk4 : 
--------------------------
--------------------------
2016-04-13 13:29:12.644 access_token : OezXcEiiBSKSxW0eoylIeG-Hxq1Lh4QQ8aO1dGhR8iE6lxbrW8dq9hvJE-IjwV9fXiiuDuaALUK3ZRd59O9xA_McjqhrPDwI-swdJNLdMnXMeTbAXL6KvHsmppJatOVmaNz0KeetCnnHP_Sx_yGomg : 
--------------------------
--------------------------
2016-04-13 13:29:19.967 微信支付发生异常:下订单出错,订单金额错误！1,页面金额：100,套餐金额：0.01 : 
--------------------------
--------------------------
2016-04-13 13:30:09.396 微信授权页面: https://open.weixin.qq.com/connect/oauth2/authorize?appid=wx31d9730db32eab25&redirect_uri=http%3a%2f%2fddddme.vicp.cc%2fexample%2findex.aspx&response_type=code&scope=snsapi_base&state=STATE#wechat_redirect : 
--------------------------
--------------------------
2016-04-13 13:30:09.397 Thread was being aborted. : 
--------------------------
--------------------------
2016-04-13 13:30:15.387 获取code码: 0215ec7481c716589b201b733eaa6b0q : 
--------------------------
--------------------------
2016-04-13 13:30:15.560 网页授权返回参数 : {"access_token":"OezXcEiiBSKSxW0eoylIeG-Hxq1Lh4QQ8aO1dGhR8iE6lxbrW8dq9hvJE-IjwV9fS9BDIYzg2cZ_y-YBuRlqmAZ4YxUSUyuf4egbQJy5swPgQQyP951Nzh11lP24NNOEVoGSnomD-5FQMteAoTysRg","expires_in":7200,"refresh_token":"OezXcEiiBSKSxW0eoylIeG-Hxq1Lh4QQ8aO1dGhR8iE6lxbrW8dq9hvJE-IjwV9fhUSjKK2vQtOyf2SRnLsWrWWZlF3pZ-mXIJWQPOArk7Ej7OYIUfTbJXtZQd0Dn3SC1-_aTUP0rCM7T_m_aziggg","openid":"oH_LEs92U20dEUn4giqmaoJUjSk4","scope":"snsapi_base"} : 
--------------------------
--------------------------
2016-04-13 13:30:15.561 openid : oH_LEs92U20dEUn4giqmaoJUjSk4 : 
--------------------------
--------------------------
2016-04-13 13:30:15.562 access_token : OezXcEiiBSKSxW0eoylIeG-Hxq1Lh4QQ8aO1dGhR8iE6lxbrW8dq9hvJE-IjwV9fS9BDIYzg2cZ_y-YBuRlqmAZ4YxUSUyuf4egbQJy5swPgQQyP951Nzh11lP24NNOEVoGSnomD-5FQMteAoTysRg : 
--------------------------
--------------------------
2016-04-13 13:30:23.171 微信支付发生异常:下订单出错,订单金额错误！1,页面金额：100,套餐金额：0.01 : 
--------------------------
--------------------------
2016-04-13 13:30:46.014 微信支付发生异常:下订单出错,订单金额错误！1,页面金额：100,套餐金额：0.01 : 
--------------------------
--------------------------
2016-04-13 13:32:26.205 微信支付发生异常:下订单出错,订单金额错误！1,页面金额：100,套餐金额：0.01 : 
--------------------------
--------------------------
2016-04-13 13:32:54.580 微信授权页面: https://open.weixin.qq.com/connect/oauth2/authorize?appid=wx31d9730db32eab25&redirect_uri=http%3a%2f%2fddddme.vicp.cc%2fexample%2findex.aspx&response_type=code&scope=snsapi_base&state=STATE#wechat_redirect : 
--------------------------
--------------------------
2016-04-13 13:32:54.581 Thread was being aborted. : 
--------------------------
--------------------------
2016-04-13 13:33:02.527 获取code码: 0215976766013e7ce788c279df0421aQ : 
--------------------------
--------------------------
2016-04-13 13:33:02.716 网页授权返回参数 : {"access_token":"OezXcEiiBSKSxW0eoylIeG-Hxq1Lh4QQ8aO1dGhR8iE6lxbrW8dq9hvJE-IjwV9fcGmKAglPwtsKBX2-NXMFBYztNnrP8UKIZsz9Y6SRJ-Bb2SKRPuMJLvjgUVbseCwhlNrNi3X9xc9GzIlBH8mKEw","expires_in":7200,"refresh_token":"OezXcEiiBSKSxW0eoylIeG-Hxq1Lh4QQ8aO1dGhR8iE6lxbrW8dq9hvJE-IjwV9fm59aBuOlkZrQXwiQjlv5hooqHbL6APa2iMJaoPirq4gwQ9K13y92tzD4Wwwlx_eN999xiAn6k_MuU_meE6P4rA","openid":"oH_LEs92U20dEUn4giqmaoJUjSk4","scope":"snsapi_base"} : 
--------------------------
--------------------------
2016-04-13 13:33:02.717 openid : oH_LEs92U20dEUn4giqmaoJUjSk4 : 
--------------------------
--------------------------
2016-04-13 13:33:02.717 access_token : OezXcEiiBSKSxW0eoylIeG-Hxq1Lh4QQ8aO1dGhR8iE6lxbrW8dq9hvJE-IjwV9fcGmKAglPwtsKBX2-NXMFBYztNnrP8UKIZsz9Y6SRJ-Bb2SKRPuMJLvjgUVbseCwhlNrNi3X9xc9GzIlBH8mKEw : 
--------------------------
--------------------------
2016-04-13 13:33:12.579 微信支付发生异常:下订单出错,订单金额错误！1,页面金额：100,套餐金额：0.01 : 
--------------------------
--------------------------
2016-04-13 13:34:34.496 微信授权页面: https://open.weixin.qq.com/connect/oauth2/authorize?appid=wx31d9730db32eab25&redirect_uri=http%3a%2f%2f192.168.1.4%2fexample%2findex.aspx&response_type=code&scope=snsapi_base&state=STATE#wechat_redirect : 
--------------------------
--------------------------
2016-04-13 13:34:34.810 Thread was being aborted. : 
--------------------------
--------------------------
2016-04-13 13:34:50.135 微信授权页面: https://open.weixin.qq.com/connect/oauth2/authorize?appid=wx31d9730db32eab25&redirect_uri=http%3a%2f%2fddddme.vicp.cc%2fexample%2findex.aspx&response_type=code&scope=snsapi_base&state=STATE#wechat_redirect : 
--------------------------
--------------------------
2016-04-13 13:34:50.240 Thread was being aborted. : 
--------------------------
--------------------------
2016-04-13 13:34:55.360 获取code码: 011cac479b0f6bf5a8b74f7101cbb3dY : 
--------------------------
--------------------------
2016-04-13 13:34:55.591 网页授权返回参数 : {"access_token":"OezXcEiiBSKSxW0eoylIeG-Hxq1Lh4QQ8aO1dGhR8iE6lxbrW8dq9hvJE-IjwV9fm9_KeO5Qc4RmAd1FgrqjAFlnK09ZsJW-jWleqHHp4xxXfeRCpCDoxb5gY53USt-hcFaa1Th4xgSYs3gfZrbivA","expires_in":7200,"refresh_token":"OezXcEiiBSKSxW0eoylIeG-Hxq1Lh4QQ8aO1dGhR8iE6lxbrW8dq9hvJE-IjwV9fk038VKeuUXSbOZsskgqELxTv9hoN1SRznL5i4mie4QR1Ky3ErI-jpIcWIBjMulpcqIsyHFjIsi5-I--KAzQKIw","openid":"oH_LEs92U20dEUn4giqmaoJUjSk4","scope":"snsapi_base"} : 
--------------------------
--------------------------
2016-04-13 13:34:55.592 openid : oH_LEs92U20dEUn4giqmaoJUjSk4 : 
--------------------------
--------------------------
2016-04-13 13:34:55.593 access_token : OezXcEiiBSKSxW0eoylIeG-Hxq1Lh4QQ8aO1dGhR8iE6lxbrW8dq9hvJE-IjwV9fm9_KeO5Qc4RmAd1FgrqjAFlnK09ZsJW-jWleqHHp4xxXfeRCpCDoxb5gY53USt-hcFaa1Th4xgSYs3gfZrbivA : 
--------------------------
--------------------------
2016-04-13 13:36:23.561 微信支付发生异常:下订单出错,订单金额错误！1,页面金额：100,套餐金额：0.01 : 
--------------------------
--------------------------
2016-04-13 13:37:08.782 微信授权页面: https://open.weixin.qq.com/connect/oauth2/authorize?appid=wx31d9730db32eab25&redirect_uri=http%3a%2f%2fddddme.vicp.cc%2fexample%2findex.aspx&response_type=code&scope=snsapi_base&state=STATE#wechat_redirect : 
--------------------------
--------------------------
2016-04-13 13:37:08.878 Thread was being aborted. : 
--------------------------
--------------------------
2016-04-13 13:37:13.695 获取code码: 0411bb8acd377f46e1d4041ea8b05b4c : 
--------------------------
--------------------------
2016-04-13 13:37:13.909 网页授权返回参数 : {"access_token":"OezXcEiiBSKSxW0eoylIeG-Hxq1Lh4QQ8aO1dGhR8iE6lxbrW8dq9hvJE-IjwV9fPfGSxYSoDaq4e3y-FVuByYJ2wp97PIEvQUYkhN0m4wPG7tBR-iChjWj-1mbAtiKP10u5FIwlnG6Nbax5W8yWhw","expires_in":7200,"refresh_token":"OezXcEiiBSKSxW0eoylIeG-Hxq1Lh4QQ8aO1dGhR8iE6lxbrW8dq9hvJE-IjwV9frqTiiSA7I7b80-xYpnGsYqpDvFw95_txUspu1hYpKtOtXE2GEbotXLBDlgHCJdf2S_SVtBmY1447BE7ah6QLaw","openid":"oH_LEs92U20dEUn4giqmaoJUjSk4","scope":"snsapi_base"} : 
--------------------------
--------------------------
2016-04-13 13:37:13.910 openid : oH_LEs92U20dEUn4giqmaoJUjSk4 : 
--------------------------
--------------------------
2016-04-13 13:37:13.910 access_token : OezXcEiiBSKSxW0eoylIeG-Hxq1Lh4QQ8aO1dGhR8iE6lxbrW8dq9hvJE-IjwV9fPfGSxYSoDaq4e3y-FVuByYJ2wp97PIEvQUYkhN0m4wPG7tBR-iChjWj-1mbAtiKP10u5FIwlnG6Nbax5W8yWhw : 
--------------------------
--------------------------
2016-04-13 13:37:33.420 UnfiedOrder request : <xml><appid><![CDATA[wx31d9730db32eab25]]></appid><attach><![CDATA[1MB]]></attach><body><![CDATA[测试商品]]></body><goods_tag><![CDATA[]]></goods_tag><mch_id><![CDATA[1239515002]]></mch_id><nonce_str><![CDATA[7d1bfe1c824449a683dff9dce6b4ea77]]></nonce_str><notify_url><![CDATA[http://ddddme.vicp.cc/example/NotifyPage.aspx]]></notify_url><openid><![CDATA[oH_LEs92U20dEUn4giqmaoJUjSk4]]></openid><out_trade_no><![CDATA[123951500220160413133723310]]></out_trade_no><sign><![CDATA[7DC8A7DBBF706AB1B2FFDE21E40B57AE]]></sign><spbill_create_ip><![CDATA[8.8.8.8]]></spbill_create_ip><time_expire><![CDATA[20160413134731]]></time_expire><time_start><![CDATA[20160413133730]]></time_start><total_fee><![CDATA[1]]></total_fee><trade_type><![CDATA[JSAPI]]></trade_type></xml> : 
--------------------------
--------------------------
2016-04-13 13:37:33.720 UnfiedOrder response : <xml><return_code><![CDATA[FAIL]]></return_code>
<return_msg><![CDATA[商户号mch_id与appid不匹配]]></return_msg>
</xml> : 
--------------------------
--------------------------
2016-04-13 13:38:24.853 微信支付发生异常:下订单出错！1 : 
--------------------------
--------------------------
2016-04-13 13:39:12.523 UnfiedOrder request : <xml><appid><![CDATA[wx31d9730db32eab25]]></appid><attach><![CDATA[1MB]]></attach><body><![CDATA[测试商品]]></body><goods_tag><![CDATA[]]></goods_tag><mch_id><![CDATA[1239515002]]></mch_id><nonce_str><![CDATA[d67de997c741482494b260b29016b21c]]></nonce_str><notify_url><![CDATA[http://ddddme.vicp.cc/example/NotifyPage.aspx]]></notify_url><openid><![CDATA[oH_LEs92U20dEUn4giqmaoJUjSk4]]></openid><out_trade_no><![CDATA[123951500220160413133833242]]></out_trade_no><sign><![CDATA[B502F1FC230B8FA13E280DED74F7096D]]></sign><spbill_create_ip><![CDATA[8.8.8.8]]></spbill_create_ip><time_expire><![CDATA[20160413134841]]></time_expire><time_start><![CDATA[20160413133840]]></time_start><total_fee><![CDATA[1]]></total_fee><trade_type><![CDATA[JSAPI]]></trade_type></xml> : 
--------------------------
--------------------------
2016-04-13 13:39:21.306 UnfiedOrder response : <xml><return_code><![CDATA[FAIL]]></return_code>
<return_msg><![CDATA[商户号mch_id与appid不匹配]]></return_msg>
</xml> : 
--------------------------
--------------------------
2016-04-13 13:39:44.046 微信支付发生异常:下订单出错！1 : 
--------------------------
--------------------------
2016-04-13 13:40:45.501 微信授权页面: https://open.weixin.qq.com/connect/oauth2/authorize?appid=wx31d9730db32eab25&redirect_uri=http%3a%2f%2fddddme.vicp.cc%2fexample%2findex.aspx&response_type=code&scope=snsapi_base&state=STATE#wechat_redirect : 
--------------------------
--------------------------
2016-04-13 13:40:45.613 Thread was being aborted. : 
--------------------------
--------------------------
2016-04-13 13:40:50.653 获取code码: 041b2edb33106ee3f21e96794bcb1683 : 
--------------------------
--------------------------
2016-04-13 13:40:50.937 网页授权返回参数 : {"access_token":"OezXcEiiBSKSxW0eoylIeG-Hxq1Lh4QQ8aO1dGhR8iE6lxbrW8dq9hvJE-IjwV9f_gql063YeOO5QbBhlYgQWQCQq-Cv6ofhGroI3GRC5s0IfNJQrW-DhGrsbgiwl3YYogMSucLvGEvIO9crtaybgA","expires_in":7200,"refresh_token":"OezXcEiiBSKSxW0eoylIeG-Hxq1Lh4QQ8aO1dGhR8iE6lxbrW8dq9hvJE-IjwV9fEJkRoFK3m6nRdp1KIwP9RiiPUezDNcHW1eLLmu2X48cEjsjM93Xzfe1PC4C_xbMQSriN8HKhWSmIgfBNP6zH5g","openid":"oH_LEs92U20dEUn4giqmaoJUjSk4","scope":"snsapi_base"} : 
--------------------------
--------------------------
2016-04-13 13:40:50.974 openid : oH_LEs92U20dEUn4giqmaoJUjSk4 : 
--------------------------
--------------------------
2016-04-13 13:40:50.976 access_token : OezXcEiiBSKSxW0eoylIeG-Hxq1Lh4QQ8aO1dGhR8iE6lxbrW8dq9hvJE-IjwV9f_gql063YeOO5QbBhlYgQWQCQq-Cv6ofhGroI3GRC5s0IfNJQrW-DhGrsbgiwl3YYogMSucLvGEvIO9crtaybgA : 
--------------------------
--------------------------
2016-04-13 13:41:03.050 UnfiedOrder request : <xml><appid><![CDATA[wx31d9730db32eab25]]></appid><attach><![CDATA[1MB]]></attach><body><![CDATA[测试商品]]></body><goods_tag><![CDATA[]]></goods_tag><mch_id><![CDATA[10061942]]></mch_id><nonce_str><![CDATA[63e30931aa834fe985d102dd6b70a803]]></nonce_str><notify_url><![CDATA[http://ddddme.vicp.cc/example/NotifyPage.aspx]]></notify_url><openid><![CDATA[oH_LEs92U20dEUn4giqmaoJUjSk4]]></openid><out_trade_no><![CDATA[1006194220160413134100871]]></out_trade_no><sign><![CDATA[9D1EE421C128D07A1C1DDF0DE156417A]]></sign><spbill_create_ip><![CDATA[8.8.8.8]]></spbill_create_ip><time_expire><![CDATA[20160413135103]]></time_expire><time_start><![CDATA[20160413134103]]></time_start><total_fee><![CDATA[1]]></total_fee><trade_type><![CDATA[JSAPI]]></trade_type></xml> : 
--------------------------
--------------------------
2016-04-13 13:41:03.353 UnfiedOrder response : <xml><return_code><![CDATA[FAIL]]></return_code>
<return_msg><![CDATA[签名错误]]></return_msg>
</xml> : 
--------------------------
--------------------------
2016-04-13 13:41:10.321 微信支付发生异常:下订单出错！1 : 
--------------------------
--------------------------
2016-04-13 13:41:28.921 UnfiedOrder request : <xml><appid><![CDATA[wx31d9730db32eab25]]></appid><attach><![CDATA[1MB]]></attach><body><![CDATA[测试商品]]></body><goods_tag><![CDATA[]]></goods_tag><mch_id><![CDATA[10061942]]></mch_id><nonce_str><![CDATA[3ad83231fda34aa1a577b7d85d0123cc]]></nonce_str><notify_url><![CDATA[http://ddddme.vicp.cc/example/NotifyPage.aspx]]></notify_url><openid><![CDATA[oH_LEs92U20dEUn4giqmaoJUjSk4]]></openid><out_trade_no><![CDATA[1006194220160413134121782]]></out_trade_no><sign><![CDATA[728276D4D7DED81EBF3671CCCCCFE8D8]]></sign><spbill_create_ip><![CDATA[8.8.8.8]]></spbill_create_ip><time_expire><![CDATA[20160413135127]]></time_expire><time_start><![CDATA[20160413134127]]></time_start><total_fee><![CDATA[1]]></total_fee><trade_type><![CDATA[JSAPI]]></trade_type></xml> : 
--------------------------
--------------------------
2016-04-13 13:41:29.192 UnfiedOrder response : <xml><return_code><![CDATA[FAIL]]></return_code>
<return_msg><![CDATA[签名错误]]></return_msg>
</xml> : 
--------------------------
--------------------------
2016-04-13 13:41:43.227 微信支付发生异常:下订单出错！1 : 
--------------------------
--------------------------
2016-04-13 13:51:15.943 微信授权页面: https://open.weixin.qq.com/connect/oauth2/authorize?appid=wx31d9730db32eab25&redirect_uri=http%3a%2f%2f192.168.1.4%2fexample%2findex.aspx&response_type=code&scope=snsapi_base&state=STATE#wechat_redirect : 
--------------------------
--------------------------
2016-04-13 13:51:16.146 Thread was being aborted. : 
--------------------------
--------------------------
2016-04-13 13:51:25.113 微信授权页面: https://open.weixin.qq.com/connect/oauth2/authorize?appid=wx31d9730db32eab25&redirect_uri=http%3a%2f%2fddddme.vicp.cc%2fexample%2findex.aspx&response_type=code&scope=snsapi_base&state=STATE#wechat_redirect : 
--------------------------
--------------------------
2016-04-13 13:51:25.222 Thread was being aborted. : 
--------------------------
--------------------------
2016-04-13 13:51:30.581 获取code码: 0313408477de9a61ac5e1d05b84b5ffa : 
--------------------------
--------------------------
2016-04-13 13:51:30.858 网页授权返回参数 : {"access_token":"OezXcEiiBSKSxW0eoylIeG-Hxq1Lh4QQ8aO1dGhR8iE6lxbrW8dq9hvJE-IjwV9firIW113aV1hZqUQFK6MpO5xjazgtZ4Ro7en9uSsvz9IxBPpisdpXDLrnjZsXEpVYh8NrJ1kEgphzYzB_I0hSJw","expires_in":7200,"refresh_token":"OezXcEiiBSKSxW0eoylIeG-Hxq1Lh4QQ8aO1dGhR8iE6lxbrW8dq9hvJE-IjwV9fdVXrWLXaje5vq9jY5fdZenhwRkA5qsfWXXplG-X_GtGaAQ1xWu8b5qohWybHLYpLSimbDzmeCXDjr7Fl6R45sg","openid":"oH_LEs92U20dEUn4giqmaoJUjSk4","scope":"snsapi_base"} : 
--------------------------
--------------------------
2016-04-13 13:51:30.904 openid : oH_LEs92U20dEUn4giqmaoJUjSk4 : 
--------------------------
--------------------------
2016-04-13 13:51:30.906 access_token : OezXcEiiBSKSxW0eoylIeG-Hxq1Lh4QQ8aO1dGhR8iE6lxbrW8dq9hvJE-IjwV9firIW113aV1hZqUQFK6MpO5xjazgtZ4Ro7en9uSsvz9IxBPpisdpXDLrnjZsXEpVYh8NrJ1kEgphzYzB_I0hSJw : 
--------------------------
--------------------------
2016-04-13 13:51:45.767 UnfiedOrder request : <xml><appid><![CDATA[wx31d9730db32eab25]]></appid><attach><![CDATA[1MB]]></attach><body><![CDATA[测试商品]]></body><goods_tag><![CDATA[]]></goods_tag><mch_id><![CDATA[10061942]]></mch_id><nonce_str><![CDATA[3de4ef74e3744e3282d878922990f03e]]></nonce_str><notify_url><![CDATA[http://ddddme.vicp.cc/example/NotifyPage.aspx]]></notify_url><openid><![CDATA[oH_LEs92U20dEUn4giqmaoJUjSk4]]></openid><out_trade_no><![CDATA[1006194220160413135143992]]></out_trade_no><sign><![CDATA[3876FBC605898189BD9167D441B0259E]]></sign><spbill_create_ip><![CDATA[8.8.8.8]]></spbill_create_ip><time_expire><![CDATA[20160413140145]]></time_expire><time_start><![CDATA[20160413135145]]></time_start><total_fee><![CDATA[1]]></total_fee><trade_type><![CDATA[JSAPI]]></trade_type></xml> : 
--------------------------
--------------------------
2016-04-13 13:51:46.091 UnfiedOrder response : <xml><return_code><![CDATA[SUCCESS]]></return_code>
<return_msg><![CDATA[OK]]></return_msg>
<appid><![CDATA[wx31d9730db32eab25]]></appid>
<mch_id><![CDATA[10061942]]></mch_id>
<nonce_str><![CDATA[agnQCJZlIychLPlr]]></nonce_str>
<sign><![CDATA[7AEED79C71B7FF906EEF88DAD72789E9]]></sign>
<result_code><![CDATA[SUCCESS]]></result_code>
<prepay_id><![CDATA[wx201604131351467f51e084300341220293]]></prepay_id>
<trade_type><![CDATA[JSAPI]]></trade_type>
</xml> : 
--------------------------
--------------------------
2016-04-13 13:51:53.414 保存预支付订单错误：无效的授权说明
Select * From tb_order Where 1=2 : 
--------------------------
--------------------------
2016-04-13 13:52:31.912 UnfiedOrder request : <xml><appid><![CDATA[wx31d9730db32eab25]]></appid><attach><![CDATA[1MB]]></attach><body><![CDATA[测试商品]]></body><goods_tag><![CDATA[]]></goods_tag><mch_id><![CDATA[10061942]]></mch_id><nonce_str><![CDATA[33c6ae604d5c4f7e9aff1cd5b27763c0]]></nonce_str><notify_url><![CDATA[http://ddddme.vicp.cc/example/NotifyPage.aspx]]></notify_url><openid><![CDATA[oH_LEs92U20dEUn4giqmaoJUjSk4]]></openid><out_trade_no><![CDATA[1006194220160413135208479]]></out_trade_no><sign><![CDATA[92C8C94C5C6800B42E135B1AB50D9906]]></sign><spbill_create_ip><![CDATA[8.8.8.8]]></spbill_create_ip><time_expire><![CDATA[20160413140215]]></time_expire><time_start><![CDATA[20160413135215]]></time_start><total_fee><![CDATA[1]]></total_fee><trade_type><![CDATA[JSAPI]]></trade_type></xml> : 
--------------------------
--------------------------
2016-04-13 13:52:51.148 UnfiedOrder response : <xml><return_code><![CDATA[SUCCESS]]></return_code>
<return_msg><![CDATA[OK]]></return_msg>
<appid><![CDATA[wx31d9730db32eab25]]></appid>
<mch_id><![CDATA[10061942]]></mch_id>
<nonce_str><![CDATA[TaKaI2DzbwOacVw5]]></nonce_str>
<sign><![CDATA[438D503C49499A0E1B3676E15AA97A0A]]></sign>
<result_code><![CDATA[SUCCESS]]></result_code>
<prepay_id><![CDATA[wx201604131352340a4fc6edbc0320763810]]></prepay_id>
<trade_type><![CDATA[JSAPI]]></trade_type>
</xml> : 
--------------------------
--------------------------
2016-04-13 13:53:50.870 保存预支付订单错误：无效的授权说明
Select * From tb_order Where 1=2 : 
--------------------------
--------------------------
2016-04-13 13:54:07.195 UnfiedOrder request : <xml><appid><![CDATA[wx31d9730db32eab25]]></appid><attach><![CDATA[1MB]]></attach><body><![CDATA[测试商品]]></body><goods_tag><![CDATA[]]></goods_tag><mch_id><![CDATA[10061942]]></mch_id><nonce_str><![CDATA[a61c52da0d3c4218ab114e5a1d2799de]]></nonce_str><notify_url><![CDATA[http://ddddme.vicp.cc/example/NotifyPage.aspx]]></notify_url><openid><![CDATA[oH_LEs92U20dEUn4giqmaoJUjSk4]]></openid><out_trade_no><![CDATA[1006194220160413135407914]]></out_trade_no><sign><![CDATA[237F8D97C0787657C6A56057FA15D8B2]]></sign><spbill_create_ip><![CDATA[8.8.8.8]]></spbill_create_ip><time_expire><![CDATA[20160413140407]]></time_expire><time_start><![CDATA[20160413135407]]></time_start><total_fee><![CDATA[1]]></total_fee><trade_type><![CDATA[JSAPI]]></trade_type></xml> : 
--------------------------
--------------------------
2016-04-13 13:54:07.501 UnfiedOrder response : <xml><return_code><![CDATA[SUCCESS]]></return_code>
<return_msg><![CDATA[OK]]></return_msg>
<appid><![CDATA[wx31d9730db32eab25]]></appid>
<mch_id><![CDATA[10061942]]></mch_id>
<nonce_str><![CDATA[pcx2KZrhTeGGkf5B]]></nonce_str>
<sign><![CDATA[08D9E73A4A6262EFF2257975B86A4E21]]></sign>
<result_code><![CDATA[SUCCESS]]></result_code>
<prepay_id><![CDATA[wx2016041313540712ea8e947f0965075823]]></prepay_id>
<trade_type><![CDATA[JSAPI]]></trade_type>
</xml> : 
--------------------------
--------------------------
2016-04-13 13:54:23.937 保存预支付订单错误：无效的授权说明
Select * From tb_order Where 1=2 : 
--------------------------
--------------------------
2016-04-13 15:28:16.090 微信授权页面: https://open.weixin.qq.com/connect/oauth2/authorize?appid=wx31d9730db32eab25&redirect_uri=http%3a%2f%2f192.168.1.4%2fexample%2findex.aspx&response_type=code&scope=snsapi_base&state=STATE#wechat_redirect : 
--------------------------
--------------------------
2016-04-13 15:28:16.577 正在中止线程。 : 
--------------------------
--------------------------
2016-04-13 18:32:54.356 微信授权页面: https://open.weixin.qq.com/connect/oauth2/authorize?appid=wx31d9730db32eab25&redirect_uri=http%3a%2f%2f192.168.1.4%2fexample%2findex.aspx&response_type=code&scope=snsapi_base&state=STATE#wechat_redirect : 
--------------------------
--------------------------
2016-04-13 18:32:54.707 正在中止线程。 : 
--------------------------
--------------------------
2016-04-13 18:34:04.578 微信授权页面: https://open.weixin.qq.com/connect/oauth2/authorize?appid=wx31d9730db32eab25&redirect_uri=http%3a%2f%2f192.168.1.4%2fexample%2findex.aspx&response_type=code&scope=snsapi_base&state=STATE#wechat_redirect : 
--------------------------
--------------------------
2016-04-13 18:34:05.515 正在中止线程。 : 
--------------------------
--------------------------
2016-04-13 18:34:26.221 微信授权页面: https://open.weixin.qq.com/connect/oauth2/authorize?appid=wx31d9730db32eab25&redirect_uri=http%3a%2f%2f192.168.1.4%2fexample%2findex.aspx&response_type=code&scope=snsapi_base&state=STATE#wechat_redirect : 
--------------------------
--------------------------
2016-04-13 18:34:26.791 正在中止线程。 : 
--------------------------
--------------------------
2016-04-13 18:34:53.722 微信授权页面: https://open.weixin.qq.com/connect/oauth2/authorize?appid=wx31d9730db32eab25&redirect_uri=http%3a%2f%2f192.168.1.4%2fexample%2findex.aspx&response_type=code&scope=snsapi_base&state=STATE#wechat_redirect : 
--------------------------
--------------------------
2016-04-13 18:34:54.418 正在中止线程。 : 
--------------------------
--------------------------
2016-04-13 18:37:08.274 微信授权页面: https://open.weixin.qq.com/connect/oauth2/authorize?appid=wx31d9730db32eab25&redirect_uri=http%3a%2f%2f192.168.1.4%2fexample%2findex.aspx&response_type=code&scope=snsapi_base&state=STATE#wechat_redirect : 
--------------------------
--------------------------
2016-04-13 18:37:09.674 正在中止线程。 : 
--------------------------
--------------------------
2016-04-13 18:41:14.021 微信授权页面: https://open.weixin.qq.com/connect/oauth2/authorize?appid=wx31d9730db32eab25&redirect_uri=http%3a%2f%2f192.168.1.4%2fexample%2findex.aspx&response_type=code&scope=snsapi_base&state=STATE#wechat_redirect : 
--------------------------
--------------------------
2016-04-13 18:41:14.088 正在中止线程。 : 
--------------------------
--------------------------
2016-04-13 18:45:14.265 微信授权页面: https://open.weixin.qq.com/connect/oauth2/authorize?appid=wx31d9730db32eab25&redirect_uri=http%3a%2f%2f192.168.1.4%2fexample%2findex.aspx&response_type=code&scope=snsapi_base&state=STATE#wechat_redirect : 
--------------------------
--------------------------
2016-04-13 18:45:14.332 正在中止线程。 : 
--------------------------
--------------------------
2016-04-13 18:46:41.511 微信授权页面: https://open.weixin.qq.com/connect/oauth2/authorize?appid=wx31d9730db32eab25&redirect_uri=http%3a%2f%2f192.168.1.4%2fexample%2findex.aspx&response_type=code&scope=snsapi_base&state=STATE#wechat_redirect : 
--------------------------
--------------------------
2016-04-13 18:46:41.514 正在中止线程。 : 
--------------------------
--------------------------
2016-04-13 19:12:16.550 “TicketsBase”的类型初始值设定项引发异常。 : 
--------------------------
--------------------------
2016-04-13 19:12:16.784 “TicketsBase”的类型初始值设定项引发异常。 : 
--------------------------
--------------------------
2016-04-13 19:12:33.591 “TicketsBase”的类型初始值设定项引发异常。 : 
--------------------------
--------------------------
2016-04-13 19:13:20.983 “TicketsBase”的类型初始值设定项引发异常。 : 
--------------------------
--------------------------
2016-04-13 19:13:22.020 “TicketsBase”的类型初始值设定项引发异常。 : 
--------------------------
--------------------------
2016-04-13 19:14:28.215 “TicketsBase”的类型初始值设定项引发异常。 : 
--------------------------
--------------------------
2016-04-13 19:14:47.881 “TicketsBase”的类型初始值设定项引发异常。 : 
--------------------------
--------------------------
2016-04-13 19:15:17.628 “TicketsBase”的类型初始值设定项引发异常。 : 
--------------------------
--------------------------
2016-04-13 19:15:25.531 “TicketsBase”的类型初始值设定项引发异常。 : 
--------------------------
--------------------------
2016-04-13 19:17:07.349 “TicketsBase”的类型初始值设定项引发异常。 : 
--------------------------
--------------------------
2016-04-13 19:17:07.935 “TicketsBase”的类型初始值设定项引发异常。 : 
--------------------------
--------------------------
2016-04-13 19:17:58.521 “TicketsBase”的类型初始值设定项引发异常。 : 
--------------------------
--------------------------
2016-04-13 19:19:49.592 “TicketsBase”的类型初始值设定项引发异常。 : 
--------------------------
--------------------------
2016-04-13 19:21:21.661 “TicketsBase”的类型初始值设定项引发异常。 : 
--------------------------
--------------------------
2016-04-13 19:21:54.342 “TicketsBase”的类型初始值设定项引发异常。 : 
--------------------------
--------------------------
2016-04-13 19:24:03.610 检索 COM 类工厂中 CLSID 为 {93B7F5E0-EB77-4B6C-8860-3D8EFC5DAA3A} 的组件失败，原因是出现以下错误: 80040154 没有注册类 (异常来自 HRESULT:0x80040154 (REGDB_E_CLASSNOTREG))。 : 
--------------------------
--------------------------
2016-04-13 19:24:05.675 检索 COM 类工厂中 CLSID 为 {93B7F5E0-EB77-4B6C-8860-3D8EFC5DAA3A} 的组件失败，原因是出现以下错误: 80040154 没有注册类 (异常来自 HRESULT:0x80040154 (REGDB_E_CLASSNOTREG))。 : 
--------------------------
--------------------------
2016-04-13 19:25:28.274 检索 COM 类工厂中 CLSID 为 {93B7F5E0-EB77-4B6C-8860-3D8EFC5DAA3A} 的组件失败，原因是出现以下错误: 80040154 没有注册类 (异常来自 HRESULT:0x80040154 (REGDB_E_CLASSNOTREG))。 : 
--------------------------
--------------------------
2016-04-13 19:26:26.081 检索 COM 类工厂中 CLSID 为 {93B7F5E0-EB77-4B6C-8860-3D8EFC5DAA3A} 的组件失败，原因是出现以下错误: 80040154 没有注册类 (异常来自 HRESULT:0x80040154 (REGDB_E_CLASSNOTREG))。 : 
--------------------------
--------------------------
2016-04-13 19:26:26.623 检索 COM 类工厂中 CLSID 为 {93B7F5E0-EB77-4B6C-8860-3D8EFC5DAA3A} 的组件失败，原因是出现以下错误: 80040154 没有注册类 (异常来自 HRESULT:0x80040154 (REGDB_E_CLASSNOTREG))。 : 
--------------------------
--------------------------
2016-04-13 19:31:18.769 检索 COM 类工厂中 CLSID 为 {93B7F5E0-EB77-4B6C-8860-3D8EFC5DAA3A} 的组件失败，原因是出现以下错误: 80040154 没有注册类 (异常来自 HRESULT:0x80040154 (REGDB_E_CLASSNOTREG))。 : 
--------------------------
--------------------------
2016-04-13 19:31:24.296 检索 COM 类工厂中 CLSID 为 {93B7F5E0-EB77-4B6C-8860-3D8EFC5DAA3A} 的组件失败，原因是出现以下错误: 80040154 没有注册类 (异常来自 HRESULT:0x80040154 (REGDB_E_CLASSNOTREG))。 : 
--------------------------
--------------------------
2016-04-13 19:33:43.543 检索 COM 类工厂中 CLSID 为 {93B7F5E0-EB77-4B6C-8860-3D8EFC5DAA3A} 的组件失败，原因是出现以下错误: 80040154 没有注册类 (异常来自 HRESULT:0x80040154 (REGDB_E_CLASSNOTREG))。 : 
--------------------------
--------------------------
2016-04-13 19:33:52.372 检索 COM 类工厂中 CLSID 为 {93B7F5E0-EB77-4B6C-8860-3D8EFC5DAA3A} 的组件失败，原因是出现以下错误: 80040154 没有注册类 (异常来自 HRESULT:0x80040154 (REGDB_E_CLASSNOTREG))。 : 
--------------------------
--------------------------
2016-04-13 19:34:07.876 检索 COM 类工厂中 CLSID 为 {93B7F5E0-EB77-4B6C-8860-3D8EFC5DAA3A} 的组件失败，原因是出现以下错误: 80040154 没有注册类 (异常来自 HRESULT:0x80040154 (REGDB_E_CLASSNOTREG))。 : 
--------------------------
--------------------------
2016-04-13 19:34:17.287 检索 COM 类工厂中 CLSID 为 {93B7F5E0-EB77-4B6C-8860-3D8EFC5DAA3A} 的组件失败，原因是出现以下错误: 80040154 没有注册类 (异常来自 HRESULT:0x80040154 (REGDB_E_CLASSNOTREG))。 : 
--------------------------
--------------------------
2016-04-13 19:36:06.684 检索 COM 类工厂中 CLSID 为 {93B7F5E0-EB77-4B6C-8860-3D8EFC5DAA3A} 的组件失败，原因是出现以下错误: 80040154 没有注册类 (异常来自 HRESULT:0x80040154 (REGDB_E_CLASSNOTREG))。 : 
--------------------------
--------------------------
2016-04-13 19:36:24.210 检索 COM 类工厂中 CLSID 为 {93B7F5E0-EB77-4B6C-8860-3D8EFC5DAA3A} 的组件失败，原因是出现以下错误: 80040154 没有注册类 (异常来自 HRESULT:0x80040154 (REGDB_E_CLASSNOTREG))。 : 
--------------------------
--------------------------
2016-04-13 19:39:40.675 检索 COM 类工厂中 CLSID 为 {93B7F5E0-EB77-4B6C-8860-3D8EFC5DAA3A} 的组件失败，原因是出现以下错误: 80040154 没有注册类 (异常来自 HRESULT:0x80040154 (REGDB_E_CLASSNOTREG))。 : 
--------------------------
--------------------------
2016-04-13 19:42:45.869 检索 COM 类工厂中 CLSID 为 {93B7F5E0-EB77-4B6C-8860-3D8EFC5DAA3A} 的组件失败，原因是出现以下错误: 80040154 没有注册类 (异常来自 HRESULT:0x80040154 (REGDB_E_CLASSNOTREG))。 : 
--------------------------
--------------------------
2016-04-13 19:43:41.428 检索 COM 类工厂中 CLSID 为 {93B7F5E0-EB77-4B6C-8860-3D8EFC5DAA3A} 的组件失败，原因是出现以下错误: 80040154 没有注册类 (异常来自 HRESULT:0x80040154 (REGDB_E_CLASSNOTREG))。 : 
--------------------------
--------------------------
2016-04-13 19:49:41.810 “TicketsBase”的类型初始值设定项引发异常。 : 
--------------------------
--------------------------
2016-04-13 20:45:59.229 “TicketsBase”的类型初始值设定项引发异常。 : 
--------------------------
--------------------------
2016-04-13 20:46:28.731 “TicketsBase”的类型初始值设定项引发异常。 : 
--------------------------
--------------------------
2016-04-13 20:48:17.277 “TicketsBase”的类型初始值设定项引发异常。 : 
--------------------------
--------------------------
2016-04-13 20:49:42.843 “TicketsBase”的类型初始值设定项引发异常。 : 
--------------------------
--------------------------
2016-04-13 20:50:48.039 “TicketsBase”的类型初始值设定项引发异常。 : 
--------------------------
--------------------------
2016-04-13 20:52:28.960 检索 COM 类工厂中 CLSID 为 {93B7F5E0-EB77-4B6C-8860-3D8EFC5DAA3A} 的组件失败，原因是出现以下错误: 80040154 没有注册类 (异常来自 HRESULT:0x80040154 (REGDB_E_CLASSNOTREG))。 : 
--------------------------
--------------------------
2016-04-13 20:58:34.729 检索 COM 类工厂中 CLSID 为 {93B7F5E0-EB77-4B6C-8860-3D8EFC5DAA3A} 的组件失败，原因是出现以下错误: 80040154 没有注册类 (异常来自 HRESULT:0x80040154 (REGDB_E_CLASSNOTREG))。 : 
--------------------------
--------------------------
2016-04-13 21:00:56.473 检索 COM 类工厂中 CLSID 为 {93B7F5E0-EB77-4B6C-8860-3D8EFC5DAA3A} 的组件失败，原因是出现以下错误: 80040154 没有注册类 (异常来自 HRESULT:0x80040154 (REGDB_E_CLASSNOTREG))。 : 
--------------------------
--------------------------
2016-04-13 21:01:01.989 检索 COM 类工厂中 CLSID 为 {93B7F5E0-EB77-4B6C-8860-3D8EFC5DAA3A} 的组件失败，原因是出现以下错误: 80040154 没有注册类 (异常来自 HRESULT:0x80040154 (REGDB_E_CLASSNOTREG))。 : 
--------------------------
--------------------------
2016-04-13 21:01:26.114 检索 COM 类工厂中 CLSID 为 {93B7F5E0-EB77-4B6C-8860-3D8EFC5DAA3A} 的组件失败，原因是出现以下错误: 80040154 没有注册类 (异常来自 HRESULT:0x80040154 (REGDB_E_CLASSNOTREG))。 : 
--------------------------
--------------------------
2016-04-13 21:02:06.450 检索 COM 类工厂中 CLSID 为 {93B7F5E0-EB77-4B6C-8860-3D8EFC5DAA3A} 的组件失败，原因是出现以下错误: 80040154 没有注册类 (异常来自 HRESULT:0x80040154 (REGDB_E_CLASSNOTREG))。 : 
--------------------------
--------------------------
2016-04-13 21:03:13.719 检索 COM 类工厂中 CLSID 为 {93B7F5E0-EB77-4B6C-8860-3D8EFC5DAA3A} 的组件失败，原因是出现以下错误: 80040154 没有注册类 (异常来自 HRESULT:0x80040154 (REGDB_E_CLASSNOTREG))。 : 
--------------------------
--------------------------
2016-04-13 21:04:14.876 检索 COM 类工厂中 CLSID 为 {93B7F5E0-EB77-4B6C-8860-3D8EFC5DAA3A} 的组件失败，原因是出现以下错误: 80040154 没有注册类 (异常来自 HRESULT:0x80040154 (REGDB_E_CLASSNOTREG))。 : 
--------------------------
--------------------------
2016-04-13 21:05:59.262 检索 COM 类工厂中 CLSID 为 {93B7F5E0-EB77-4B6C-8860-3D8EFC5DAA3A} 的组件失败，原因是出现以下错误: 80040154 没有注册类 (异常来自 HRESULT:0x80040154 (REGDB_E_CLASSNOTREG))。 : 
--------------------------
