--------------------------
2016-04-12 22:30:54.742 微信授权页面: https://open.weixin.qq.com/connect/oauth2/authorize?appid=wx07574344bdc7cb06&redirect_uri=http%3a%2f%2f192.168.1.4%2fexample%2findex.aspx&response_type=code&scope=snsapi_base&state=STATE#wechat_redirect : 
--------------------------
--------------------------
2016-04-12 22:30:54.752 正在中止线程。 : 
--------------------------
--------------------------
2016-04-12 22:31:06.679 微信授权页面: https://open.weixin.qq.com/connect/oauth2/authorize?appid=wx07574344bdc7cb06&redirect_uri=http%3a%2f%2f192.168.1.4%2fexample%2findex.aspx&response_type=code&scope=snsapi_base&state=STATE#wechat_redirect : 
--------------------------
--------------------------
2016-04-12 22:31:06.681 正在中止线程。 : 
--------------------------
--------------------------
2016-04-12 22:32:07.395 微信授权页面: https://open.weixin.qq.com/connect/oauth2/authorize?appid=wx07574344bdc7cb06&redirect_uri=http%3a%2f%2f192.168.1.4%2fexample%2findex.aspx&response_type=code&scope=snsapi_base&state=STATE#wechat_redirect : 
--------------------------
--------------------------
2016-04-12 22:32:07.396 正在中止线程。 : 
--------------------------
--------------------------
2016-04-12 22:34:02.607 微信授权页面: https://open.weixin.qq.com/connect/oauth2/authorize?appid=wx07574344bdc7cb06&redirect_uri=http%3a%2f%2f192.168.1.4%2fexample%2findex.aspx&response_type=code&scope=snsapi_base&state=STATE#wechat_redirect : 
--------------------------
--------------------------
2016-04-12 22:34:02.609 正在中止线程。 : 
--------------------------
--------------------------
2016-04-12 22:34:48.163 微信授权页面: https://open.weixin.qq.com/connect/oauth2/authorize?appid=wx07574344bdc7cb06&redirect_uri=http%3a%2f%2f192.168.1.4%2fexample%2findex.aspx&response_type=code&scope=snsapi_base&state=STATE#wechat_redirect : 
--------------------------
--------------------------
2016-04-12 22:34:48.165 正在中止线程。 : 
--------------------------
--------------------------
2016-04-12 22:35:12.643 微信授权页面: https://open.weixin.qq.com/connect/oauth2/authorize?appid=wx07574344bdc7cb06&redirect_uri=http%3a%2f%2f192.168.1.4%2fexample%2findex.aspx&response_type=code&scope=snsapi_base&state=STATE#wechat_redirect : 
--------------------------
--------------------------
2016-04-12 22:35:12.647 正在中止线程。 : 
--------------------------
--------------------------
2016-04-12 22:36:11.100 微信授权页面: https://open.weixin.qq.com/connect/oauth2/authorize?appid=wx07574344bdc7cb06&redirect_uri=http%3a%2f%2f192.168.1.4%2fexample%2findex.aspx&response_type=code&scope=snsapi_base&state=STATE#wechat_redirect : 
--------------------------
--------------------------
2016-04-12 22:36:11.102 正在中止线程。 : 
--------------------------
--------------------------
2016-04-12 22:36:43.153 微信授权页面: https://open.weixin.qq.com/connect/oauth2/authorize?appid=wx07574344bdc7cb06&redirect_uri=http%3a%2f%2f192.168.1.4%2fexample%2findex.aspx&response_type=code&scope=snsapi_base&state=STATE#wechat_redirect : 
--------------------------
--------------------------
2016-04-12 22:36:43.154 正在中止线程。 : 
--------------------------
--------------------------
2016-04-12 22:38:10.292 微信授权页面: https://open.weixin.qq.com/connect/oauth2/authorize?appid=wx07574344bdc7cb06&redirect_uri=http%3a%2f%2f192.168.1.4%2fexample%2findex.aspx&response_type=code&scope=snsapi_base&state=STATE#wechat_redirect : 
--------------------------
--------------------------
2016-04-12 22:38:10.294 正在中止线程。 : 
--------------------------
--------------------------
2016-04-12 22:41:42.287 微信授权页面: https://open.weixin.qq.com/connect/oauth2/authorize?appid=wx31d9730db32eab25&redirect_uri=http%3a%2f%2f192.168.1.4%2fexample%2findex.aspx&response_type=code&scope=snsapi_base&state=STATE#wechat_redirect : 
--------------------------
--------------------------
2016-04-12 22:41:42.506 正在中止线程。 : 
--------------------------
--------------------------
2016-04-12 22:42:14.775 微信授权页面: https://open.weixin.qq.com/connect/oauth2/authorize?appid=wx31d9730db32eab25&redirect_uri=http%3a%2f%2f192.168.1.4%2fexample%2findex.aspx&response_type=code&scope=snsapi_base&state=STATE#wechat_redirect : 
--------------------------
--------------------------
2016-04-12 22:42:14.777 正在中止线程。 : 
--------------------------
--------------------------
2016-04-12 22:43:49.277 微信授权页面: https://open.weixin.qq.com/connect/oauth2/authorize?appid=wx31d9730db32eab25&redirect_uri=http%3a%2f%2f192.168.1.4%2fexample%2findex.aspx&response_type=code&scope=snsapi_base&state=STATE#wechat_redirect : 
--------------------------
--------------------------
2016-04-12 22:43:49.846 正在中止线程。 : 
--------------------------
--------------------------
2016-04-12 22:44:05.933 微信授权页面: https://open.weixin.qq.com/connect/oauth2/authorize?appid=wx31d9730db32eab25&redirect_uri=http%3a%2f%2f192.168.1.4%2fexample%2findex.aspx&response_type=code&scope=snsapi_base&state=STATE#wechat_redirect : 
--------------------------
--------------------------
2016-04-12 22:44:06.030 正在中止线程。 : 
--------------------------
--------------------------
2016-04-12 22:50:56.995 微信授权页面: https://open.weixin.qq.com/connect/oauth2/authorize?appid=wx31d9730db32eab25&redirect_uri=http%3a%2f%2f192.168.1.4%2fexample%2findex.aspx&response_type=code&scope=snsapi_base&state=STATE#wechat_redirect : 
--------------------------
--------------------------
2016-04-12 22:50:58.084 微信授权页面: https://open.weixin.qq.com/connect/oauth2/authorize?appid=wx31d9730db32eab25&redirect_uri=http%3a%2f%2fddddme.vicp.cc%2fexample%2findex.aspx&response_type=code&scope=snsapi_base&state=STATE#wechat_redirect : 
--------------------------
--------------------------
2016-04-12 22:50:58.111 正在中止线程。 : 
--------------------------
--------------------------
2016-04-12 22:50:58.925 正在中止线程。 : 
--------------------------
--------------------------
2016-04-12 22:51:06.520 获取code码: 021ef805041fee3b11cd530e9578b39L : 
--------------------------
--------------------------
2016-04-12 22:51:06.767 网页授权返回参数 : {"errcode":40125,"errmsg":"invalid appsecret, view more at http:\/\/t.cn\/RAEkdVq, hints: [ req_id: HzeWNa0666ns54 ]"} : 
--------------------------
--------------------------
2016-04-12 22:51:06.920 网页授权错误：System.Collections.Generic.KeyNotFoundException: 给定关键字不在字典中。
   在 System.Collections.Generic.Dictionary`2.get_Item(TKey key)
   在 FlowRecharge.Wechat.JsApiPay.GetOpenidAndAccessTokenFromCode(String code) 位置 d:\工作目录\工程\傅家坡\傅家坡\fjp\app_code\business\JsApiPay.cs:行号 128 : 
--------------------------
--------------------------
2016-04-12 22:51:28.883 微信授权页面: https://open.weixin.qq.com/connect/oauth2/authorize?appid=wx31d9730db32eab25&redirect_uri=http%3a%2f%2fddddme.vicp.cc%2fexample%2findex.aspx&response_type=code&scope=snsapi_base&state=STATE#wechat_redirect : 
--------------------------
--------------------------
2016-04-12 22:51:28.884 正在中止线程。 : 
--------------------------
--------------------------
2016-04-12 22:51:32.668 获取code码: 031bea494c4ba25b54a4807cb8a74eef : 
--------------------------
--------------------------
2016-04-12 22:51:32.824 网页授权返回参数 : {"errcode":40125,"errmsg":"invalid appsecret, view more at http:\/\/t.cn\/RAEkdVq, hints: [ req_id: i2V5nA0692ns46 ]"} : 
--------------------------
--------------------------
2016-04-12 22:51:32.825 网页授权错误：System.Collections.Generic.KeyNotFoundException: 给定关键字不在字典中。
   在 System.Collections.Generic.Dictionary`2.get_Item(TKey key)
   在 FlowRecharge.Wechat.JsApiPay.GetOpenidAndAccessTokenFromCode(String code) 位置 d:\工作目录\工程\傅家坡\傅家坡\fjp\app_code\business\JsApiPay.cs:行号 128 : 
--------------------------
--------------------------
2016-04-12 22:51:43.967 微信授权页面: https://open.weixin.qq.com/connect/oauth2/authorize?appid=wx31d9730db32eab25&redirect_uri=http%3a%2f%2fddddme.vicp.cc%2fexample%2findex.aspx&response_type=code&scope=snsapi_base&state=STATE#wechat_redirect : 
--------------------------
--------------------------
2016-04-12 22:51:43.968 正在中止线程。 : 
--------------------------
--------------------------
2016-04-12 22:51:47.932 获取code码: 011f4e0dcbf214080fd2e814ac764380 : 
--------------------------
--------------------------
2016-04-12 22:51:48.027 网页授权返回参数 : {"errcode":40125,"errmsg":"invalid appsecret, view more at http:\/\/t.cn\/RAEkdVq, hints: [ req_id: Gx6nta0707ns83 ]"} : 
--------------------------
--------------------------
2016-04-12 22:51:48.028 网页授权错误：System.Collections.Generic.KeyNotFoundException: 给定关键字不在字典中。
   在 System.Collections.Generic.Dictionary`2.get_Item(TKey key)
   在 FlowRecharge.Wechat.JsApiPay.GetOpenidAndAccessTokenFromCode(String code) 位置 d:\工作目录\工程\傅家坡\傅家坡\fjp\app_code\business\JsApiPay.cs:行号 128 : 
--------------------------
--------------------------
2016-04-12 22:54:49.944 微信授权页面: https://open.weixin.qq.com/connect/oauth2/authorize?appid=wx31d9730db32eab25&redirect_uri=http%3a%2f%2fddddme.vicp.cc%2fexample%2findex.aspx&response_type=code&scope=snsapi_base&state=STATE#wechat_redirect : 
--------------------------
--------------------------
2016-04-12 22:54:49.946 正在中止线程。 : 
--------------------------
--------------------------
2016-04-12 22:54:53.781 获取code码: 011930dfdcda537ca4b472689bcb6510 : 
--------------------------
--------------------------
2016-04-12 22:54:54.006 网页授权返回参数 : {"access_token":"OezXcEiiBSKSxW0eoylIeG-Hxq1Lh4QQ8aO1dGhR8iE6lxbrW8dq9hvJE-IjwV9fitSlNaqZVQXw8Sao6nYwATikvha8acqhqkU8nvd3DtIG6oZjHEfbkRYO6MIMS0urQeHW3hjAmjCK2RxVDdryGg","expires_in":7200,"refresh_token":"OezXcEiiBSKSxW0eoylIeG-Hxq1Lh4QQ8aO1dGhR8iE6lxbrW8dq9hvJE-IjwV9fNcHQrUoUCYDPHWVCeSz2Ox79WlwRtiKJy5XzzzkEi0g9p9RxGSUrpIaA9hO4dgI-fVtGCihejAgMD3MC739OlA","openid":"oH_LEs92U20dEUn4giqmaoJUjSk4","scope":"snsapi_base"} : 
--------------------------
--------------------------
2016-04-12 22:54:54.042 openid : oH_LEs92U20dEUn4giqmaoJUjSk4 : 
--------------------------
--------------------------
2016-04-12 22:54:54.043 access_token : OezXcEiiBSKSxW0eoylIeG-Hxq1Lh4QQ8aO1dGhR8iE6lxbrW8dq9hvJE-IjwV9fitSlNaqZVQXw8Sao6nYwATikvha8acqhqkU8nvd3DtIG6oZjHEfbkRYO6MIMS0urQeHW3hjAmjCK2RxVDdryGg : 
--------------------------
--------------------------
2016-04-12 23:02:41.066 微信授权页面: https://open.weixin.qq.com/connect/oauth2/authorize?appid=wx31d9730db32eab25&redirect_uri=http%3a%2f%2fddddme.vicp.cc%2fexample%2findex.aspx&response_type=code&scope=snsapi_base&state=STATE#wechat_redirect : 
--------------------------
--------------------------
2016-04-12 23:02:41.067 正在中止线程。 : 
--------------------------
--------------------------
2016-04-12 23:02:45.122 获取code码: 0319d97a66b23469908efcbac3fe5e6Q : 
--------------------------
--------------------------
2016-04-12 23:02:45.358 网页授权返回参数 : {"access_token":"OezXcEiiBSKSxW0eoylIeG-Hxq1Lh4QQ8aO1dGhR8iE6lxbrW8dq9hvJE-IjwV9fUaGe-crHKipoSmaPa0IU36AS60RKge7aqSQoS5iDa_M69eAmrIQ9z8Bl-hQ3gBaCsqa5z5_pS1hTh1HbK0d7QQ","expires_in":7200,"refresh_token":"OezXcEiiBSKSxW0eoylIeG-Hxq1Lh4QQ8aO1dGhR8iE6lxbrW8dq9hvJE-IjwV9f1aoR_eXTz-qeOLCMjRZpyuWkN1D8FUKVrNkC0xtUE5sLHR_g_OTn5DwlGMetYjzdd-tsmG3yXDCZXLD0h4oWEQ","openid":"oH_LEs92U20dEUn4giqmaoJUjSk4","scope":"snsapi_base"} : 
--------------------------
--------------------------
2016-04-12 23:02:45.359 openid : oH_LEs92U20dEUn4giqmaoJUjSk4 : 
--------------------------
--------------------------
2016-04-12 23:02:45.359 access_token : OezXcEiiBSKSxW0eoylIeG-Hxq1Lh4QQ8aO1dGhR8iE6lxbrW8dq9hvJE-IjwV9fUaGe-crHKipoSmaPa0IU36AS60RKge7aqSQoS5iDa_M69eAmrIQ9z8Bl-hQ3gBaCsqa5z5_pS1hTh1HbK0d7QQ : 
--------------------------
--------------------------
2016-04-12 23:14:41.531 微信授权页面: https://open.weixin.qq.com/connect/oauth2/authorize?appid=wx31d9730db32eab25&redirect_uri=http%3a%2f%2fddddme.vicp.cc%2fexample%2findex.aspx&response_type=code&scope=snsapi_base&state=STATE#wechat_redirect : 
--------------------------
--------------------------
2016-04-12 23:14:41.532 正在中止线程。 : 
--------------------------
--------------------------
2016-04-12 23:14:46.744 获取code码: 0311b961813e0d431769d854df4a379X : 
--------------------------
--------------------------
2016-04-12 23:14:46.987 网页授权返回参数 : {"access_token":"OezXcEiiBSKSxW0eoylIeG-Hxq1Lh4QQ8aO1dGhR8iE6lxbrW8dq9hvJE-IjwV9fZ2-eAxoyzzyhUEo6gFvnZw6ppsPKP0E-_SUVUSRAhqFEOtWJosD6ENqx9hV9_kYLQF20kqyT4R3rWGV-kdkEYQ","expires_in":7200,"refresh_token":"OezXcEiiBSKSxW0eoylIeG-Hxq1Lh4QQ8aO1dGhR8iE6lxbrW8dq9hvJE-IjwV9fI4Rn7iw8_Xh_taiW3qguBxWffE7RrDW4zUqx6YpyW_03tSrOXlE0tuifYg2EUJyri4aLPIYcMnwHrsnA4GbUnA","openid":"oH_LEs92U20dEUn4giqmaoJUjSk4","scope":"snsapi_base"} : 
--------------------------
--------------------------
2016-04-12 23:14:47.022 openid : oH_LEs92U20dEUn4giqmaoJUjSk4 : 
--------------------------
--------------------------
2016-04-12 23:14:47.023 access_token : OezXcEiiBSKSxW0eoylIeG-Hxq1Lh4QQ8aO1dGhR8iE6lxbrW8dq9hvJE-IjwV9fZ2-eAxoyzzyhUEo6gFvnZw6ppsPKP0E-_SUVUSRAhqFEOtWJosD6ENqx9hV9_kYLQF20kqyT4R3rWGV-kdkEYQ : 
--------------------------
--------------------------
2016-04-12 23:24:05.898 获取code码: 0311b961813e0d431769d854df4a379X : 
--------------------------
--------------------------
2016-04-12 23:24:06.279 网页授权返回参数 : {"errcode":40029,"errmsg":"invalid code, hints: [ req_id: Qv.vFa0645ns44 ]"} : 
--------------------------
--------------------------
2016-04-12 23:24:06.282 网页授权错误：System.Collections.Generic.KeyNotFoundException: 给定关键字不在字典中。
   在 System.Collections.Generic.Dictionary`2.get_Item(TKey key)
   在 FlowRecharge.Wechat.JsApiPay.GetOpenidAndAccessTokenFromCode(String code) 位置 d:\工作目录\工程\傅家坡\傅家坡\fjp\app_code\business\JsApiPay.cs:行号 128 : 
--------------------------
--------------------------
2016-04-12 23:24:26.157 微信授权页面: https://open.weixin.qq.com/connect/oauth2/authorize?appid=wx31d9730db32eab25&redirect_uri=http%3a%2f%2fddddme.vicp.cc%2fexample%2findex.aspx&response_type=code&scope=snsapi_base&state=STATE#wechat_redirect : 
--------------------------
--------------------------
2016-04-12 23:24:26.159 正在中止线程。 : 
--------------------------
--------------------------
2016-04-12 23:24:30.473 微信授权页面: https://open.weixin.qq.com/connect/oauth2/authorize?appid=wx31d9730db32eab25&redirect_uri=http%3a%2f%2fddddme.vicp.cc%2fexample%2findex.aspx&response_type=code&scope=snsapi_base&state=STATE#wechat_redirect : 
--------------------------
--------------------------
2016-04-12 23:24:30.475 正在中止线程。 : 
--------------------------
--------------------------
2016-04-12 23:24:30.844 微信授权页面: https://open.weixin.qq.com/connect/oauth2/authorize?appid=wx31d9730db32eab25&redirect_uri=http%3a%2f%2fddddme.vicp.cc%2fexample%2findex.aspx&response_type=code&scope=snsapi_base&state=STATE#wechat_redirect : 
--------------------------
--------------------------
2016-04-12 23:24:30.845 正在中止线程。 : 
--------------------------
--------------------------
2016-04-12 23:24:31.059 获取code码: 0015cc0d6e0a8cd0ab7e1915b5c12e3j : 
--------------------------
--------------------------
2016-04-12 23:24:31.510 网页授权返回参数 : {"access_token":"OezXcEiiBSKSxW0eoylIeG-Hxq1Lh4QQ8aO1dGhR8iE6lxbrW8dq9hvJE-IjwV9fu6RpWrJZMkTfXv2GLjSXOUiMr08sVVZ4wbHZAPzQZ1bfJl5Cahju2wgtKajkhOyY6QEK2tIggC3g2KjACS4Bwg","expires_in":7200,"refresh_token":"OezXcEiiBSKSxW0eoylIeG-Hxq1Lh4QQ8aO1dGhR8iE6lxbrW8dq9hvJE-IjwV9fwKNtIxUwiWyrP20U9X5iMfzIiS-Vc9uJAWFNoeEIRHbQY_9BxpYnf9JVnrTweFF2lKBFzUhOBf-ba1MxQWQstw","openid":"oH_LEs92U20dEUn4giqmaoJUjSk4","scope":"snsapi_base"} : 
--------------------------
--------------------------
2016-04-12 23:24:31.511 openid : oH_LEs92U20dEUn4giqmaoJUjSk4 : 
--------------------------
--------------------------
2016-04-12 23:24:31.512 access_token : OezXcEiiBSKSxW0eoylIeG-Hxq1Lh4QQ8aO1dGhR8iE6lxbrW8dq9hvJE-IjwV9fu6RpWrJZMkTfXv2GLjSXOUiMr08sVVZ4wbHZAPzQZ1bfJl5Cahju2wgtKajkhOyY6QEK2tIggC3g2KjACS4Bwg : 
--------------------------
--------------------------
2016-04-12 23:33:32.590 微信授权页面: https://open.weixin.qq.com/connect/oauth2/authorize?appid=wx31d9730db32eab25&redirect_uri=http%3a%2f%2fddddme.vicp.cc%2fexample%2findex.aspx&response_type=code&scope=snsapi_base&state=STATE#wechat_redirect : 
--------------------------
--------------------------
2016-04-12 23:33:32.592 正在中止线程。 : 
--------------------------
--------------------------
2016-04-12 23:33:37.711 获取code码: 021927a95f82675767d68b1c6b00725z : 
--------------------------
--------------------------
2016-04-12 23:33:37.948 网页授权返回参数 : {"access_token":"OezXcEiiBSKSxW0eoylIeG-Hxq1Lh4QQ8aO1dGhR8iE6lxbrW8dq9hvJE-IjwV9ffel0qxKIy1hAJ5RCk5WA4D4mSUtxaSYsqb7aYJQFwXatl8ClrVeUSjGrp7Pyg7C_sr8wtNIy92lKl3olM7CRcg","expires_in":7200,"refresh_token":"OezXcEiiBSKSxW0eoylIeG-Hxq1Lh4QQ8aO1dGhR8iE6lxbrW8dq9hvJE-IjwV9f4Ew32jx6xNfzUBE5jQnWJd2ZtKyR7CkghhMsIVj63ILJ7cabZ86RFI9pPBtJUZ3lmMW6YHvMVQI4cA_lNwUofw","openid":"oH_LEs92U20dEUn4giqmaoJUjSk4","scope":"snsapi_base"} : 
--------------------------
--------------------------
2016-04-12 23:33:37.949 openid : oH_LEs92U20dEUn4giqmaoJUjSk4 : 
--------------------------
--------------------------
2016-04-12 23:33:37.950 access_token : OezXcEiiBSKSxW0eoylIeG-Hxq1Lh4QQ8aO1dGhR8iE6lxbrW8dq9hvJE-IjwV9ffel0qxKIy1hAJ5RCk5WA4D4mSUtxaSYsqb7aYJQFwXatl8ClrVeUSjGrp7Pyg7C_sr8wtNIy92lKl3olM7CRcg : 
--------------------------
